d:\littlecode\openglprojects\basegl\gl\debug\vc143.pdb
d:\littlecode\openglprojects\basegl\gl\debug\vc143.idb
d:\littlecode\openglprojects\basegl\gl\debug\texture.obj
d:\littlecode\openglprojects\basegl\gl\debug\vertexbufferlayout.obj
d:\littlecode\openglprojects\basegl\gl\debug\vertexbuffer.obj
d:\littlecode\openglprojects\basegl\gl\debug\vertexarray.obj
d:\littlecode\openglprojects\basegl\gl\debug\stb_image.obj
d:\littlecode\openglprojects\basegl\gl\debug\imgui_widgets.obj
d:\littlecode\openglprojects\basegl\gl\debug\imgui_tables.obj
d:\littlecode\openglprojects\basegl\gl\debug\imgui_impl_opengl3.obj
d:\littlecode\openglprojects\basegl\gl\debug\imgui_impl_glfw.obj
d:\littlecode\openglprojects\basegl\gl\debug\imgui_draw.obj
d:\littlecode\openglprojects\basegl\gl\debug\imgui_demo.obj
d:\littlecode\openglprojects\basegl\gl\debug\imgui.obj
d:\littlecode\openglprojects\basegl\gl\debug\glm.obj
d:\littlecode\openglprojects\basegl\gl\debug\test.obj
d:\littlecode\openglprojects\basegl\gl\debug\shader.obj
d:\littlecode\openglprojects\basegl\gl\debug\renderer.obj
d:\littlecode\openglprojects\basegl\gl\debug\main.obj
d:\littlecode\openglprojects\basegl\gl\debug\indexbuffer.obj
d:\littlecode\openglprojects\basegl\gl\debug\gl.tlog\cl.command.1.tlog
d:\littlecode\openglprojects\basegl\gl\debug\gl.tlog\cl.read.1.tlog
d:\littlecode\openglprojects\basegl\gl\debug\gl.tlog\cl.write.1.tlog
