d:\littlecode\openglprojects\basegl\gl\x64\debug\vc143.pdb
d:\littlecode\openglprojects\basegl\gl\x64\debug\vc143.idb
d:\littlecode\openglprojects\basegl\gl\x64\debug\texture.obj
d:\littlecode\openglprojects\basegl\gl\x64\debug\vertexbufferlayout.obj
d:\littlecode\openglprojects\basegl\gl\x64\debug\vertexbuffer.obj
d:\littlecode\openglprojects\basegl\gl\x64\debug\vertexarray.obj
d:\littlecode\openglprojects\basegl\gl\x64\debug\stb_image.obj
d:\littlecode\openglprojects\basegl\gl\x64\debug\test.obj
d:\littlecode\openglprojects\basegl\gl\x64\debug\shader.obj
d:\littlecode\openglprojects\basegl\gl\x64\debug\renderer.obj
d:\littlecode\openglprojects\basegl\gl\x64\debug\main.obj
d:\littlecode\openglprojects\basegl\gl\x64\debug\indexbuffer.obj
d:\littlecode\openglprojects\basegl\x64\debug\gl.exe
d:\littlecode\openglprojects\basegl\gl\x64\debug\gl.ilk
d:\littlecode\openglprojects\basegl\x64\debug\gl.pdb
d:\littlecode\openglprojects\basegl\gl\x64\debug\gl.tlog\cl.command.1.tlog
d:\littlecode\openglprojects\basegl\gl\x64\debug\gl.tlog\cl.items.tlog
d:\littlecode\openglprojects\basegl\gl\x64\debug\gl.tlog\cl.read.1.tlog
d:\littlecode\openglprojects\basegl\gl\x64\debug\gl.tlog\cl.write.1.tlog
d:\littlecode\openglprojects\basegl\gl\x64\debug\gl.tlog\link.command.1.tlog
d:\littlecode\openglprojects\basegl\gl\x64\debug\gl.tlog\link.read.1.tlog
d:\littlecode\openglprojects\basegl\gl\x64\debug\gl.tlog\link.write.1.tlog
