  正在扫描源以查找模块依赖项...
  glm.cppm
  正在编译...
  glm.cppm
  IndexBuffer.cpp
  main.cpp
  Renderer.cpp
  Shader.cpp
  test.cpp
  glm.cpp
  imgui.cpp
  imgui_demo.cpp
  imgui_draw.cpp
  imgui_impl_glfw.cpp
  imgui_impl_opengl3.cpp
  imgui_tables.cpp
  imgui_widgets.cpp
  stb_image.cpp
  VertexArray.cpp
D:\littlecode\OpenglProjects\basegl\gl\src\VertexArray.cpp(33,3): warning C4312: “类型强制转换”: 从“unsigned int”转换到更大的“const void *”
  VertexBuffer.cpp
  VertexBufferLayout.cpp
  Texture.cpp
  正在生成代码...
glew32s.lib(glew.obj) : warning LNK4099: 未找到 PDB“”(使用“glew32s.lib(glew.obj)”或在“”中寻找)；正在链接对象，如同没有调试信息一样
LINK : warning LNK4098: 默认库“LIBCMT”与其他库的使用冲突；请使用 /NODEFAULTLIB:library
LINK : warning LNK4098: 默认库“MSVCRT”与其他库的使用冲突；请使用 /NODEFAULTLIB:library
  gl.vcxproj -> D:\littlecode\OpenglProjects\basegl\x64\Debug\gl.exe
